C:\Users\Manish.Sahu\Documents\Visual Studio 2015\Projects\Ng2Demo\Ng2Demo\src\app\app.component.js
C:\Users\Manish.Sahu\Documents\Visual Studio 2015\Projects\Ng2Demo\Ng2Demo\src\app\app.component.js.map
C:\Users\Manish.Sahu\Documents\Visual Studio 2015\Projects\Ng2Demo\Ng2Demo\src\app\app.module.js
C:\Users\Manish.Sahu\Documents\Visual Studio 2015\Projects\Ng2Demo\Ng2Demo\src\app\app.module.js.map
C:\Users\Manish.Sahu\Documents\Visual Studio 2015\Projects\Ng2Demo\Ng2Demo\src\main.js
C:\Users\Manish.Sahu\Documents\Visual Studio 2015\Projects\Ng2Demo\Ng2Demo\src\main.js.map
C:\Users\Manish.Sahu\Documents\Visual Studio 2015\Projects\Ng2Demo\Ng2Demo\src\app\app.component.spec.js
C:\Users\Manish.Sahu\Documents\Visual Studio 2015\Projects\Ng2Demo\Ng2Demo\src\app\app.component.spec.js.map
C:\Users\Manish.Sahu\Documents\Visual Studio 2015\Projects\Ng2Demo\Ng2Demo\src\app\app.component.js
C:\Users\Manish.Sahu\Documents\Visual Studio 2015\Projects\Ng2Demo\Ng2Demo\src\app\app.component.js.map
C:\Users\Manish.Sahu\Documents\Visual Studio 2015\Projects\Ng2Demo\Ng2Demo\src\app\app.module.js
C:\Users\Manish.Sahu\Documents\Visual Studio 2015\Projects\Ng2Demo\Ng2Demo\src\app\app.module.js.map
C:\Users\Manish.Sahu\Documents\Visual Studio 2015\Projects\Ng2Demo\Ng2Demo\src\main.js
C:\Users\Manish.Sahu\Documents\Visual Studio 2015\Projects\Ng2Demo\Ng2Demo\src\main.js.map
C:\Users\Manish.Sahu\Documents\Visual Studio 2015\Projects\Ng2Demo\Ng2Demo\src\app\app.component.spec.js
C:\Users\Manish.Sahu\Documents\Visual Studio 2015\Projects\Ng2Demo\Ng2Demo\src\app\app.component.spec.js.map
C:\Users\Manish.Sahu\Documents\Visual Studio 2015\Projects\Ng2Demo\Ng2Demo\src\app\app.component.js
C:\Users\Manish.Sahu\Documents\Visual Studio 2015\Projects\Ng2Demo\Ng2Demo\src\app\app.component.js.map
C:\Users\Manish.Sahu\Documents\Visual Studio 2015\Projects\Ng2Demo\Ng2Demo\src\app\app.module.js
C:\Users\Manish.Sahu\Documents\Visual Studio 2015\Projects\Ng2Demo\Ng2Demo\src\app\app.module.js.map
C:\Users\Manish.Sahu\Documents\Visual Studio 2015\Projects\Ng2Demo\Ng2Demo\src\main.js
C:\Users\Manish.Sahu\Documents\Visual Studio 2015\Projects\Ng2Demo\Ng2Demo\src\main.js.map
C:\Users\Manish.Sahu\Documents\Visual Studio 2015\Projects\Ng2Demo\Ng2Demo\src\app\app.component.spec.js
C:\Users\Manish.Sahu\Documents\Visual Studio 2015\Projects\Ng2Demo\Ng2Demo\src\app\app.component.spec.js.map
